\BOOKMARK [0][-]{chapter.1}{Introduction}{}% 1
\BOOKMARK [1][-]{section.1.1}{Deeply Inelastic Scattering and Structure Functions}{chapter.1}% 2
\BOOKMARK [1][-]{section.1.2}{The Parton Model and Parton Distribution Functions}{chapter.1}% 3
\BOOKMARK [1][-]{section.1.3}{HERA}{chapter.1}% 4
\BOOKMARK [1][-]{section.1.4}{Semi-Inclusive Deeply Inelastic Scattering}{chapter.1}% 5
\BOOKMARK [1][-]{section.1.5}{Transverse Momentum Dependent Functions}{chapter.1}% 6
\BOOKMARK [1][-]{section.1.6}{This Section Is Not Developed Yet}{chapter.1}% 7
\BOOKMARK [0][-]{chapter.2}{Experiment}{}% 8
\BOOKMARK [1][-]{section.2.1}{CEBAF}{chapter.2}% 9
\BOOKMARK [2][-]{subsection.2.1.1}{Electron Injection \046 Polarization}{section.2.1}% 10
\BOOKMARK [2][-]{subsection.2.1.2}{Acceleration of Electrons}{section.2.1}% 11
\BOOKMARK [1][-]{section.2.2}{CLAS in Jefferson Lab Experimental Hall B}{chapter.2}% 12
\BOOKMARK [2][-]{subsection.2.2.1}{CLAS Torus and Drift Chambers}{section.2.2}% 13
\BOOKMARK [2][-]{subsection.2.2.2}{CLAS Cherenkov Counter}{section.2.2}% 14
\BOOKMARK [2][-]{subsection.2.2.3}{CLAS Time of Flight Scintillator}{section.2.2}% 15
\BOOKMARK [2][-]{subsection.2.2.4}{CLAS Electromagnetic Calorimeter}{section.2.2}% 16
\BOOKMARK [0][-]{chapter.3}{Basic Analysis \046 Corrections}{}% 17
\BOOKMARK [1][-]{section.3.1}{Introduction}{chapter.3}% 18
\BOOKMARK [1][-]{section.3.2}{Luminosity Calculation}{chapter.3}% 19
\BOOKMARK [1][-]{section.3.3}{Determination of Good Run List}{chapter.3}% 20
\BOOKMARK [1][-]{section.3.4}{Helicity Determination}{chapter.3}% 21
\BOOKMARK [1][-]{section.3.5}{Vertex Corrections}{chapter.3}% 22
\BOOKMARK [1][-]{section.3.6}{Timing Corrections}{chapter.3}% 23
\BOOKMARK [1][-]{section.3.7}{Kinematic Corrections}{chapter.3}% 24
\BOOKMARK [0][-]{chapter.4}{Particle Identification}{}% 25
\BOOKMARK [1][-]{section.4.1}{Introduction}{chapter.4}% 26
\BOOKMARK [1][-]{section.4.2}{Electron Identification}{chapter.4}% 27
\BOOKMARK [2][-]{subsection.4.2.1}{Electron ID Cuts}{section.4.2}% 28
\BOOKMARK [1][-]{section.4.3}{Hadron Identification}{chapter.4}% 29
\BOOKMARK [2][-]{subsection.4.3.1}{Hadron ID Cuts}{section.4.3}% 30
\BOOKMARK [0][-]{chapter.5}{Beam Spin Asymmetry Analysis}{}% 31
\BOOKMARK [1][-]{section.5.1}{Introduction}{chapter.5}% 32
\BOOKMARK [1][-]{section.5.2}{Event Selection and Binning}{chapter.5}% 33
\BOOKMARK [1][-]{section.5.3}{Measured h Distributions}{chapter.5}% 34
\BOOKMARK [1][-]{section.5.4}{Extraction of Modulations}{chapter.5}% 35
\BOOKMARK [0][-]{chapter.6}{Inclusive Cross Section}{}% 36
\BOOKMARK [1][-]{section.6.1}{Motivation}{chapter.6}% 37
\BOOKMARK [1][-]{section.6.2}{Inelastic Scattering Model}{chapter.6}% 38
\BOOKMARK [1][-]{section.6.3}{Analysis}{chapter.6}% 39
\BOOKMARK [2][-]{subsection.6.3.1}{Event Selection}{section.6.3}% 40
\BOOKMARK [2][-]{subsection.6.3.2}{Binning}{section.6.3}% 41
\BOOKMARK [2][-]{subsection.6.3.3}{Simulation}{section.6.3}% 42
\BOOKMARK [2][-]{subsection.6.3.4}{Radiative Corrections}{section.6.3}% 43
\BOOKMARK [2][-]{subsection.6.3.5}{Bin Center Corrections}{section.6.3}% 44
\BOOKMARK [2][-]{subsection.6.3.6}{Model Comparison}{section.6.3}% 45
\BOOKMARK [0][-]{chapter.7}{SIDIS Cross Section}{}% 46
\BOOKMARK [1][-]{section.7.1}{Introduction}{chapter.7}% 47
\BOOKMARK [1][-]{section.7.2}{Hadron Identification}{chapter.7}% 48
\BOOKMARK [1][-]{section.7.3}{Event Selection}{chapter.7}% 49
\BOOKMARK [1][-]{section.7.4}{Binning}{chapter.7}% 50
\BOOKMARK [1][-]{section.7.5}{MC Simulation}{chapter.7}% 51
\BOOKMARK [2][-]{subsection.7.5.1}{Acceptance Corrections}{section.7.5}% 52
\BOOKMARK [1][-]{section.7.6}{Radiative Corrections}{chapter.7}% 53
\BOOKMARK [1][-]{section.7.7}{Parameter Estimation \(Fitting\)}{chapter.7}% 54
\BOOKMARK [2][-]{subsection.7.7.1}{Minimal Coverage in h for Fitting}{section.7.7}% 55
\BOOKMARK [1][-]{section.7.8}{Systematic Uncertainties}{chapter.7}% 56
\BOOKMARK [1][-]{section.7.9}{Results}{chapter.7}% 57
\BOOKMARK [0][-]{appendix*.32}{References}{}% 58
